0 info it worked if it ends with ok
1 verbose cli [ '/home/username/.nvm/versions/node/v6.9.0/bin/node',
1 verbose cli   '/home/username/.nvm/versions/node/v6.9.0/bin/npm',
1 verbose cli   'run',
1 verbose cli   'serve' ]
2 info using npm@3.10.8
3 info using node@v6.9.0
4 verbose run-script [ 'preserve', 'serve', 'postserve' ]
5 info lifecycle testfrontendlocaweb@1.0.0~preserve: testfrontendlocaweb@1.0.0
6 silly lifecycle testfrontendlocaweb@1.0.0~preserve: no script for preserve, continuing
7 info lifecycle testfrontendlocaweb@1.0.0~serve: testfrontendlocaweb@1.0.0
8 verbose lifecycle testfrontendlocaweb@1.0.0~serve: unsafe-perm in lifecycle true
9 verbose lifecycle testfrontendlocaweb@1.0.0~serve: PATH: /home/username/.nvm/versions/node/v6.9.0/lib/node_modules/npm/bin/node-gyp-bin:/home/username/Projects/testFrontEndLocaweb/node_modules/.bin:/home/username/.nvm/versions/node/v6.9.0/bin:/home/username/.rvm/gems/ruby-2.5.0/bin:/home/username/.rvm/gems/ruby-2.5.0@global/bin:/home/username/.rvm/rubies/ruby-2.5.0/bin:/usr/local/sbin:/usr/local/bin:/usr/sbin:/usr/bin:/sbin:/bin:/usr/games:/usr/local/games:/snap/bin:/home/username/.rvm/bin:/home/username/.rvm/bin:/home/username/.rvm/bin:/home/username/.rvm/bin:/home/username/.rvm/bin:/home/username/.rvm/bin:/home/username/.rvm/bin
10 verbose lifecycle testfrontendlocaweb@1.0.0~serve: CWD: /home/username/Projects/testFrontEndLocaweb
11 silly lifecycle testfrontendlocaweb@1.0.0~serve: Args: [ '-c',
11 silly lifecycle   'NODE_ENV=development webpack --mode development && webpack-dashboard -- webpack-dev-server -d --hot --config webpack.config.js --watch --mode development' ]
12 silly lifecycle testfrontendlocaweb@1.0.0~serve: Returned: code: 2  signal: null
13 info lifecycle testfrontendlocaweb@1.0.0~serve: Failed to exec serve script
14 verbose stack Error: testfrontendlocaweb@1.0.0 serve: `NODE_ENV=development webpack --mode development && webpack-dashboard -- webpack-dev-server -d --hot --config webpack.config.js --watch --mode development`
14 verbose stack Exit status 2
14 verbose stack     at EventEmitter.<anonymous> (/home/username/.nvm/versions/node/v6.9.0/lib/node_modules/npm/lib/utils/lifecycle.js:255:16)
14 verbose stack     at emitTwo (events.js:106:13)
14 verbose stack     at EventEmitter.emit (events.js:191:7)
14 verbose stack     at ChildProcess.<anonymous> (/home/username/.nvm/versions/node/v6.9.0/lib/node_modules/npm/lib/utils/spawn.js:40:14)
14 verbose stack     at emitTwo (events.js:106:13)
14 verbose stack     at ChildProcess.emit (events.js:191:7)
14 verbose stack     at maybeClose (internal/child_process.js:877:16)
14 verbose stack     at Process.ChildProcess._handle.onexit (internal/child_process.js:226:5)
15 verbose pkgid testfrontendlocaweb@1.0.0
16 verbose cwd /home/username/Projects/testFrontEndLocaweb
17 error Linux 4.18.0-17-generic
18 error argv "/home/username/.nvm/versions/node/v6.9.0/bin/node" "/home/username/.nvm/versions/node/v6.9.0/bin/npm" "run" "serve"
19 error node v6.9.0
20 error npm  v3.10.8
21 error code ELIFECYCLE
22 error testfrontendlocaweb@1.0.0 serve: `NODE_ENV=development webpack --mode development && webpack-dashboard -- webpack-dev-server -d --hot --config webpack.config.js --watch --mode development`
22 error Exit status 2
23 error Failed at the testfrontendlocaweb@1.0.0 serve script 'NODE_ENV=development webpack --mode development && webpack-dashboard -- webpack-dev-server -d --hot --config webpack.config.js --watch --mode development'.
23 error Make sure you have the latest version of node.js and npm installed.
23 error If you do, this is most likely a problem with the testfrontendlocaweb package,
23 error not with npm itself.
23 error Tell the author that this fails on your system:
23 error     NODE_ENV=development webpack --mode development && webpack-dashboard -- webpack-dev-server -d --hot --config webpack.config.js --watch --mode development
23 error You can get information on how to open an issue for this project with:
23 error     npm bugs testfrontendlocaweb
23 error Or if that isn't available, you can get their info via:
23 error     npm owner ls testfrontendlocaweb
23 error There is likely additional logging output above.
24 verbose exit [ 1, true ]
